Command: py -3.11 "D:\xamp\htdocs\img_ai\php/../python/generate.py" --input "D:\xamp\htdocs\img_ai\php/../uploads/img_20260116_134930_696a33da0a79f.JPG" --output "D:\xamp\htdocs\img_ai\php/../outputs/gen_img_20260116_134930_696a33da0a79f_anime.png" --style "anime" --strength 0.300000 --prompt "anime style, anime artwork, vibrant colors, detailed anime illustration, high quality anime art" 2>&1
Output: PROGRESS:5
STATUS:Initializing...
PROGRESS:10
STATUS:Loading AI libraries...
C:\Users\bjzaa\AppData\Local\Programs\Python\Python311\Lib\site-packages\torch\amp\autocast_mode.py:265: UserWarning: User provided device_type of 'cuda', but CUDA is not available. Disabling
  warnings.warn(
PROGRESS:15
STATUS:Setting up GPU...
GPU: privateuseone:0
PROGRESS:20
STATUS:Loading AI model...
PROGRESS:25
STATUS:Loading: cagliostrolab/animagine-xl-3.1
C:\Users\bjzaa\AppData\Local\Programs\Python\Python311\Lib\site-packages\huggingface_hub\file_download.py:143: UserWarning: `huggingface_hub` cache-system uses symlinks by default to efficiently store duplicated files but your machine does not support them in C:\Users\bjzaa\.cache\huggingface\hub\models--cagliostrolab--animagine-xl-3.1. Caching files will still work but in a degraded version that might require more space on your disk. This warning can be disabled by setting the `HF_HUB_DISABLE_SYMLINKS_WARNING` environment variable. For more details, see https://huggingface.co/docs/huggingface_hub/how-to-cache#limitations.
To support symlinks on Windows, you either need to activate Developer Mode or to run Python as an administrator. In order to activate developer mode, see this article: https://docs.microsoft.com/en-us/windows/apps/get-started/enable-your-device-for-development
  warnings.warn(message)
Fetching 18 files:   0%|          | 0/18 [00:00<?, ?it/s]Fetching 18 files:  11%|#1        | 2/18 [00:00<00:06,  2.56it/s]Xet Storage is enabled for this repo, but the 'hf_xet' package is not installed. Falling back to regular HTTP download. For better performance, install the package with: `pip install huggingface_hub[hf_xet]` or `pip install hf_xet`
Fetching 18 files:  17%|#6        | 3/18 [00:02<00:13,  1.11it/s]Fetching 18 files:  22%|##2       | 4/18 [00:04<00:20,  1.46s/it]Xet Storage is enabled for this repo, but the 'hf_xet' package is not installed. Falling back to regular HTTP download. For better performance, install the package with: `pip install huggingface_hub[hf_xet]` or `pip install hf_xet`
'(ReadTimeoutError("HTTPSConnectionPool(host='huggingface.co', port=443): Read timed out. (read timeout=10)"), '(Request ID: f24dbb07-9ef9-409a-8825-6fb453b43478)')' thrown while requesting HEAD https://huggingface.co/cagliostrolab/animagine-xl-3.1/resolve/483f0c322568ed13697ed01dd0be07204746d12b/tokenizer/merges.txt
Retrying in 1s [Retry 1/5].
'(ReadTimeoutError("HTTPSConnectionPool(host='huggingface.co', port=443): Read timed out. (read timeout=10)"), '(Request ID: ce0e3f6e-b8b3-471f-ae7e-fbf6c4d3a626)')' thrown while requesting HEAD https://huggingface.co/cagliostrolab/animagine-xl-3.1/resolve/483f0c322568ed13697ed01dd0be07204746d12b/text_encoder_2/config.json
'(ReadTimeoutError("HTTPSConnectionPool(host='huggingface.co', port=443): Read timed out. (read timeout=10)"), '(Request ID: 067ccdc8-6ddb-46d1-ae0e-f77ada2c7059)')' thrown while requesting HEAD https://huggingface.co/cagliostrolab/animagine-xl-3.1/resolve/483f0c322568ed13697ed01dd0be07204746d12b/text_encoder_2/model.safetensors
Retrying in 1s [Retry 1/5].
Retrying in 1s [Retry 1/5].
'(ReadTimeoutError("HTTPSConnectionPool(host='huggingface.co', port=443): Read timed out. (read timeout=10)"), '(Request ID: 9d1ac0f9-8e6e-4d1a-bf6b-757d05f03b32)')' thrown while requesting HEAD https://huggingface.co/cagliostrolab/animagine-xl-3.1/resolve/483f0c322568ed13697ed01dd0be07204746d12b/tokenizer_2/merges.txt
Retrying in 1s [Retry 1/5].
Fetching 18 files:  28%|##7       | 5/18 [00:12<00:45,  3.53s/it]'(ReadTimeoutError("HTTPSConnectionPool(host='huggingface.co', port=443): Read timed out. (read timeout=10)"), '(Request ID: 7ac38d21-0a83-43c5-8a74-eaedc2b968f5)')' thrown while requesting HEAD https://huggingface.co/cagliostrolab/animagine-xl-3.1/resolve/483f0c322568ed13697ed01dd0be07204746d12b/unet/config.json
Retrying in 1s [Retry 1/5].
'(ReadTimeoutError("HTTPSConnectionPool(host='huggingface.co', port=443): Read timed out. (read timeout=10)"), '(Request ID: a05bf997-db02-489c-9903-6ba72c375c96)')' thrown while requesting HEAD https://huggingface.co/cagliostrolab/animagine-xl-3.1/resolve/483f0c322568ed13697ed01dd0be07204746d12b/vae/diffusion_pytorch_model.safetensors
Retrying in 1s [Retry 1/5].
Xet Storage is enabled for this repo, but the 'hf_xet' package is not installed. Falling back to regular HTTP download. For better performance, install the package with: `pip install huggingface_hub[hf_xet]` or `pip install hf_xet`
Xet Storage is enabled for this repo, but the 'hf_xet' package is not installed. Falling back to regular HTTP download. For better performance, install the package with: `pip install huggingface_hub[hf_xet]` or `pip install hf_xet`
'(ReadTimeoutError("HTTPSConnectionPool(host='huggingface.co', port=443): Read timed out. (read timeout=10)"), '(Request ID: 6fb14834-2541-45f9-aef1-3f9465f0be3d)')' thrown while requesting HEAD https://huggingface.co/cagliostrolab/animagine-xl-3.1/resolve/483f0c322568ed13697ed01dd0be07204746d12b/tokenizer/merges.txt
Retrying in 2s [Retry 2/5].
'(ReadTimeoutError("HTTPSConnectionPool(host='huggingface.co', port=443): Read timed out. (read timeout=10)"), '(Request ID: 51d7e46f-254a-47ee-931e-7a63a70cd0b0)')' thrown while requesting HEAD https://huggingface.co/cagliostrolab/animagine-xl-3.1/resolve/483f0c322568ed13697ed01dd0be07204746d12b/tokenizer_2/merges.txt
Retrying in 2s [Retry 2/5].
Fetching 18 files:  33%|###3      | 6/18 [00:59<03:37, 18.13s/it]Fetching 18 files:  89%|########8 | 16/18 [01:17<00:09,  4.64s/it]Fetching 18 files: 100%|##########| 18/18 [01:17<00:00,  4.32s/it]
Loading pipeline components...:   0%|          | 0/7 [00:00<?, ?it/s]Loading pipeline components...:  14%|#4        | 1/7 [00:08<00:48,  8.16s/it]Loading pipeline components...:  29%|##8       | 2/7 [00:08<00:18,  3.75s/it]`torch_dtype` is deprecated! Use `dtype` instead!
Loading pipeline components...:  43%|####2     | 3/7 [00:09<00:09,  2.40s/it]Loading pipeline components...:  71%|#######1  | 5/7 [00:12<00:03,  1.90s/it]Loading pipeline components...: 100%|##########| 7/7 [00:12<00:00,  1.12s/it]Loading pipeline components...: 100%|##########| 7/7 [00:12<00:00,  1.85s/it]
PROGRESS:50
STATUS:Model ready
PROGRESS:55
STATUS:Processing image...
Image: 1024x768
PROGRESS:60
STATUS:Generating artwork...
Style: anime
Strength: 0.3
ERROR: Generation failed: Could not allocate tensor with 402653184 bytes. There is not enough GPU video memory available!

Error: 
Return: 1