Command: py -3.11 "D:\xamp\htdocs\img_ai\php/../python/generate.py" --input "D:\xamp\htdocs\img_ai\php/../uploads/img_20260116_135918_696a3626ecd09.JPG" --output "D:\xamp\htdocs\img_ai\php/../outputs/gen_img_20260116_135918_696a3626ecd09_anime.png" --style "anime" --strength 0.320000 --prompt "anime style, anime artwork, vibrant colors, detailed anime illustration, high quality anime art" 2>&1
Output: PROGRESS:5
STATUS:Initializing...
PROGRESS:10
STATUS:Loading AI libraries...
C:\Users\bjzaa\AppData\Local\Programs\Python\Python311\Lib\site-packages\torch\amp\autocast_mode.py:265: UserWarning: User provided device_type of 'cuda', but CUDA is not available. Disabling
  warnings.warn(
PROGRESS:15
STATUS:Setting up GPU...
GPU: privateuseone:0
PROGRESS:20
STATUS:Loading AI model...
PROGRESS:25
STATUS:Loading: cagliostrolab/animagine-xl-3.1
Loading pipeline components...:   0%|          | 0/7 [00:00<?, ?it/s]Loading pipeline components...:  14%|#4        | 1/7 [00:00<00:00,  6.70it/s]`torch_dtype` is deprecated! Use `dtype` instead!
Loading pipeline components...:  57%|#####7    | 4/7 [00:01<00:00,  3.39it/s]Loading pipeline components...:  71%|#######1  | 5/7 [00:10<00:05,  2.93s/it]Loading pipeline components...:  86%|########5 | 6/7 [00:11<00:02,  2.14s/it]Loading pipeline components...: 100%|##########| 7/7 [00:11<00:00,  1.69s/it]Loading pipeline components...: 100%|##########| 7/7 [00:11<00:00,  1.66s/it]
C:\Users\bjzaa\AppData\Local\Programs\Python\Python311\Lib\site-packages\diffusers\pipelines\pipeline_utils.py:2186: FutureWarning: `enable_vae_slicing` is deprecated and will be removed in version 0.40.0. Calling `enable_vae_slicing()` on a `StableDiffusionXLImg2ImgPipeline` is deprecated and this method will be removed in a future version. Please use `pipe.vae.enable_slicing()`.
  deprecate(
PROGRESS:50
STATUS:Model ready
PROGRESS:55
STATUS:Processing image...
Image: 640x512
PROGRESS:60
STATUS:Generating artwork...
Style: anime
Strength: 0.32
ERROR: Generation failed: Could not allocate tensor with 167772160 bytes. There is not enough GPU video memory available!

Error: 
Return: 1